<?xml version="1.0" encoding="UTF-8" ?>
<testsuite tests="22" failures="0" name="com.yourcompany.SampleSauceTest" time="1,059.209" errors="0" skipped="0">
  <properties>
[...]
</properties>
  <testcase classname="com.yourcompany.SampleSauceTest" name="loginTest[1]" time="15.222"/>
  <testcase classname="com.yourcompany.SampleSauceTest" name="verifyTitleTest[7]" time="15.112"/>
  <testcase classname="com.yourcompany.SampleSauceTest" name="loginTest[6]" time="283.69"/>
  <testcase classname="com.yourcompany.SampleSauceTest" name="loginTest[7]" time="15.281"/>
  <testcase classname="com.yourcompany.SampleSauceTest" name="verifyTitleTest[8]" time="12.929"/>
  <testcase classname="com.yourcompany.SampleSauceTest" name="loginTest[8]" time="16.299"/>
  <testcase classname="com.yourcompany.SampleSauceTest" name="verifyTitleTest[9]" time="11.208"/>
  <testcase classname="com.yourcompany.SampleSauceTest" name="loginTest[9]" time="12.975"/>
  <testcase classname="com.yourcompany.SampleSauceTest" name="verifyTitleTest[0]" time="15.319"/>
  <testcase classname="com.yourcompany.SampleSauceTest" name="verifyTitleTest[6]" time="393.837"/>
  <testcase classname="com.yourcompany.SampleSauceTest" name="verifyTitleTest[3]" time="12.914"/>
  <testcase classname="com.yourcompany.SampleSauceTest" name="loginTest[4]" time="17.684"/>
  <testcase classname="com.yourcompany.SampleSauceTest" name="verifyTitleTest[5]" time="51.402"/>
  <testcase classname="com.yourcompany.SampleSauceTest" name="verifyTitleTest[2]" time="11.132"/>
  <testcase classname="com.yourcompany.SampleSauceTest" name="verifyTitleTest[1]" time="14.774"/>
  <testcase classname="com.yourcompany.SampleSauceTest" name="loginTest[0]" time="14.755"/>
  <testcase classname="com.yourcompany.SampleSauceTest" name="loginTest[5]" time="57.556"/>
  <testcase classname="com.yourcompany.SampleSauceTest" name="verifyTitleTest[4]" time="16.965"/>
  <testcase classname="com.yourcompany.SampleSauceTest" name="loginTest[2]" time="11.164"/>
  <testcase classname="com.yourcompany.SampleSauceTest" name="verifyTitleTest[10]" time="18.473"/>
  <testcase classname="com.yourcompany.SampleSauceTest" name="loginTest[10]" time="24.023"/>
  <testcase classname="com.yourcompany.SampleSauceTest" name="loginTest[3]" time="16.495"/>
</testsuite>