<?xml version="1.0" encoding="UTF-8" ?>
<testsuite tests="28" failures="0" name="com.yourcompany.SampleSauceTest" time="1,005.385" errors="0" skipped="0">
  <properties>
[...]
</properties>
  <testcase classname="com.yourcompany.SampleSauceTest" name="loginTest[4]" time="31.75"/>
  <testcase classname="com.yourcompany.SampleSauceTest" name="loginTest[10]" time="25.344"/>
  <testcase classname="com.yourcompany.SampleSauceTest" name="loginTest[12]" time="41.783"/>
  <testcase classname="com.yourcompany.SampleSauceTest" name="verifyTitleTest[10]" time="8.47"/>
  <testcase classname="com.yourcompany.SampleSauceTest" name="verifyTitleTest[12]" time="15.98"/>
  <testcase classname="com.yourcompany.SampleSauceTest" name="loginTest[2]" time="25.218"/>
  <testcase classname="com.yourcompany.SampleSauceTest" name="verifyTitleTest[9]" time="23.234"/>
  <testcase classname="com.yourcompany.SampleSauceTest" name="verifyTitleTest[6]" time="53.133"/>
  <testcase classname="com.yourcompany.SampleSauceTest" name="loginTest[5]" time="37.423"/>
  <testcase classname="com.yourcompany.SampleSauceTest" name="loginTest[11]" time="35.894"/>
  <testcase classname="com.yourcompany.SampleSauceTest" name="verifyTitleTest[3]" time="18.744"/>
  <testcase classname="com.yourcompany.SampleSauceTest" name="loginTest[13]" time="30.086"/>
  <testcase classname="com.yourcompany.SampleSauceTest" name="verifyTitleTest[1]" time="24.596"/>
  <testcase classname="com.yourcompany.SampleSauceTest" name="verifyTitleTest[11]" time="11.807"/>
  <testcase classname="com.yourcompany.SampleSauceTest" name="verifyTitleTest[2]" time="7.223"/>
  <testcase classname="com.yourcompany.SampleSauceTest" name="loginTest[3]" time="35.743"/>
  <testcase classname="com.yourcompany.SampleSauceTest" name="loginTest[0]" time="31.229"/>
  <testcase classname="com.yourcompany.SampleSauceTest" name="loginTest[1]" time="54.971"/>
  <testcase classname="com.yourcompany.SampleSauceTest" name="loginTest[8]" time="29.227"/>
  <testcase classname="com.yourcompany.SampleSauceTest" name="loginTest[9]" time="48.986"/>
  <testcase classname="com.yourcompany.SampleSauceTest" name="verifyTitleTest[8]" time="13.895"/>
  <testcase classname="com.yourcompany.SampleSauceTest" name="verifyTitleTest[5]" time="19.454"/>
  <testcase classname="com.yourcompany.SampleSauceTest" name="loginTest[7]" time="141.496"/>
  <testcase classname="com.yourcompany.SampleSauceTest" name="verifyTitleTest[4]" time="13.814"/>
  <testcase classname="com.yourcompany.SampleSauceTest" name="verifyTitleTest[0]" time="10.28"/>
  <testcase classname="com.yourcompany.SampleSauceTest" name="verifyTitleTest[13]" time="11.394"/>
  <testcase classname="com.yourcompany.SampleSauceTest" name="loginTest[6]" time="73.758"/>
  <testcase classname="com.yourcompany.SampleSauceTest" name="verifyTitleTest[7]" time="130.453"/>
</testsuite>