<?xml version="1.0" encoding="UTF-8" ?>
<testsuite tests="28" failures="0" name="com.yourcompany.SampleSauceTest" time="901.771" errors="0" skipped="0">
  <properties>
[...]
</properties>
  <testcase classname="com.yourcompany.SampleSauceTest" name="loginTest[3]" time="33.594"/>
  <testcase classname="com.yourcompany.SampleSauceTest" name="loginTest[6]" time="76.453"/>
  <testcase classname="com.yourcompany.SampleSauceTest" name="loginTest[2]" time="25.954"/>
  <testcase classname="com.yourcompany.SampleSauceTest" name="loginTest[9]" time="46.878"/>
  <testcase classname="com.yourcompany.SampleSauceTest" name="loginTest[12]" time="39.063"/>
  <testcase classname="com.yourcompany.SampleSauceTest" name="loginTest[11]" time="31.82"/>
  <testcase classname="com.yourcompany.SampleSauceTest" name="verifyTitleTest[9]" time="21.705"/>
  <testcase classname="com.yourcompany.SampleSauceTest" name="loginTest[7]" time="99.039"/>
  <testcase classname="com.yourcompany.SampleSauceTest" name="verifyTitleTest[1]" time="18.516"/>
  <testcase classname="com.yourcompany.SampleSauceTest" name="verifyTitleTest[8]" time="17.324"/>
  <testcase classname="com.yourcompany.SampleSauceTest" name="verifyTitleTest[3]" time="10.703"/>
  <testcase classname="com.yourcompany.SampleSauceTest" name="verifyTitleTest[7]" time="79.759"/>
  <testcase classname="com.yourcompany.SampleSauceTest" name="loginTest[13]" time="30.244"/>
  <testcase classname="com.yourcompany.SampleSauceTest" name="loginTest[10]" time="28.428"/>
  <testcase classname="com.yourcompany.SampleSauceTest" name="verifyTitleTest[10]" time="7.872"/>
  <testcase classname="com.yourcompany.SampleSauceTest" name="verifyTitleTest[6]" time="53.395"/>
  <testcase classname="com.yourcompany.SampleSauceTest" name="verifyTitleTest[12]" time="16.949"/>
  <testcase classname="com.yourcompany.SampleSauceTest" name="verifyTitleTest[0]" time="14.603"/>
  <testcase classname="com.yourcompany.SampleSauceTest" name="loginTest[5]" time="35.773"/>
  <testcase classname="com.yourcompany.SampleSauceTest" name="loginTest[1]" time="43.575"/>
  <testcase classname="com.yourcompany.SampleSauceTest" name="verifyTitleTest[13]" time="15.893"/>
  <testcase classname="com.yourcompany.SampleSauceTest" name="verifyTitleTest[4]" time="15.808"/>
  <testcase classname="com.yourcompany.SampleSauceTest" name="loginTest[8]" time="30.672"/>
  <testcase classname="com.yourcompany.SampleSauceTest" name="verifyTitleTest[2]" time="7.948"/>
  <testcase classname="com.yourcompany.SampleSauceTest" name="verifyTitleTest[5]" time="17.322"/>
  <testcase classname="com.yourcompany.SampleSauceTest" name="loginTest[0]" time="34.496"/>
  <testcase classname="com.yourcompany.SampleSauceTest" name="loginTest[4]" time="35.733"/>
  <testcase classname="com.yourcompany.SampleSauceTest" name="verifyTitleTest[11]" time="12.252"/>
</testsuite>