<?xml version="1.0" encoding="UTF-8" ?>
<testsuite tests="28" failures="0" name="com.yourcompany.SampleSauceTest" time="958.644" errors="0" skipped="0">
  <properties>
[...]
</properties>
  <testcase classname="com.yourcompany.SampleSauceTest" name="verifyTitleTest[4]" time="23.281"/>
  <testcase classname="com.yourcompany.SampleSauceTest" name="loginTest[3]" time="32.27"/>
  <testcase classname="com.yourcompany.SampleSauceTest" name="loginTest[4]" time="39.551"/>
  <testcase classname="com.yourcompany.SampleSauceTest" name="verifyTitleTest[3]" time="12.07"/>
  <testcase classname="com.yourcompany.SampleSauceTest" name="verifyTitleTest[5]" time="15.79"/>
  <testcase classname="com.yourcompany.SampleSauceTest" name="verifyTitleTest[10]" time="8.22"/>
  <testcase classname="com.yourcompany.SampleSauceTest" name="verifyTitleTest[12]" time="13.773"/>
  <testcase classname="com.yourcompany.SampleSauceTest" name="verifyTitleTest[7]" time="93.832"/>
  <testcase classname="com.yourcompany.SampleSauceTest" name="loginTest[1]" time="39.927"/>
  <testcase classname="com.yourcompany.SampleSauceTest" name="verifyTitleTest[9]" time="21.362"/>
  <testcase classname="com.yourcompany.SampleSauceTest" name="loginTest[7]" time="132.242"/>
  <testcase classname="com.yourcompany.SampleSauceTest" name="verifyTitleTest[2]" time="8.399"/>
  <testcase classname="com.yourcompany.SampleSauceTest" name="loginTest[8]" time="31.664"/>
  <testcase classname="com.yourcompany.SampleSauceTest" name="verifyTitleTest[6]" time="49.159"/>
  <testcase classname="com.yourcompany.SampleSauceTest" name="loginTest[2]" time="26.644"/>
  <testcase classname="com.yourcompany.SampleSauceTest" name="verifyTitleTest[0]" time="10.117"/>
  <testcase classname="com.yourcompany.SampleSauceTest" name="loginTest[6]" time="80.944"/>
  <testcase classname="com.yourcompany.SampleSauceTest" name="verifyTitleTest[11]" time="11.049"/>
  <testcase classname="com.yourcompany.SampleSauceTest" name="loginTest[0]" time="30.499"/>
  <testcase classname="com.yourcompany.SampleSauceTest" name="loginTest[12]" time="32.71"/>
  <testcase classname="com.yourcompany.SampleSauceTest" name="loginTest[11]" time="30.193"/>
  <testcase classname="com.yourcompany.SampleSauceTest" name="loginTest[13]" time="36.481"/>
  <testcase classname="com.yourcompany.SampleSauceTest" name="loginTest[9]" time="52.8"/>
  <testcase classname="com.yourcompany.SampleSauceTest" name="verifyTitleTest[1]" time="21.506"/>
  <testcase classname="com.yourcompany.SampleSauceTest" name="verifyTitleTest[8]" time="9.721"/>
  <testcase classname="com.yourcompany.SampleSauceTest" name="loginTest[5]" time="39.047"/>
  <testcase classname="com.yourcompany.SampleSauceTest" name="loginTest[10]" time="27.624"/>
  <testcase classname="com.yourcompany.SampleSauceTest" name="verifyTitleTest[13]" time="27.769"/>
</testsuite>